Unity Editor version:    2020.3.26f1 (7298b473bc1a)
Branch:                  2020.3/staging
Build type:              Release
Batch mode:              YES
macOS version:           Version 11.5.2 (Build 20G95)
Darwin version:          20.6.0
Architecture:            x86_64
Running under Rosetta:   YES
Available memory:        8192 MB
Using pre-set license
Pro License: NO

COMMAND LINE ARGUMENTS:
/Applications/Unity/Hub/Editor/2020.3.26f1/Unity.app/Contents/MacOS/Unity
-adb2
-batchMode
-noUpm
-name
AssetImportWorker0
-projectPath
/Users/oliviayinjx/Documents/GitHub/Code-Lab-I/Final/Codelab1_Final
-logFile
Logs/AssetImportWorker0.log
-srvPort
54372
Successfully changed project path to: /Users/oliviayinjx/Documents/GitHub/Code-Lab-I/Final/Codelab1_Final
/Users/oliviayinjx/Documents/GitHub/Code-Lab-I/Final/Codelab1_Final
Using Asset Import Pipeline V2.
Refreshing native plugins compatible for Editor in 71.83 ms, found 2 plugins.
Preloading 0 native plugins for Editor in 0.00 ms.
Initialize engine version: 2020.3.26f1 (7298b473bc1a)
[Subsystems] Discovering subsystems at path /Applications/Unity/Hub/Editor/2020.3.26f1/Unity.app/Contents/Resources/UnitySubsystems
[Subsystems] Discovering subsystems at path /Users/oliviayinjx/Documents/GitHub/Code-Lab-I/Final/Codelab1_Final/Assets
GfxDevice: creating device client; threaded=0
2022-05-03 14:00:42.556 Unity[16024:540713] (null) preferred device: Apple M1 (high power)
2022-05-03 14:00:42.556 Unity[16024:540713] Metal devices available: 1
2022-05-03 14:00:42.556 Unity[16024:540713] 0: Apple M1 (high power)
2022-05-03 14:00:42.557 Unity[16024:540713] Using device Apple M1 (high power)
Initializing Metal device caps: Apple M1
Initialize mono
Mono path[0] = '/Applications/Unity/Hub/Editor/2020.3.26f1/Unity.app/Contents/Managed'
Mono path[1] = '/Applications/Unity/Hub/Editor/2020.3.26f1/Unity.app/Contents/MonoBleedingEdge/lib/mono/unityjit'
Mono config path = '/Applications/Unity/Hub/Editor/2020.3.26f1/Unity.app/Contents/MonoBleedingEdge/etc'
Using monoOptions --debugger-agent=transport=dt_socket,embedding=1,server=y,suspend=n,address=127.0.0.1:56024
Begin MonoManager ReloadAssembly
Registering precompiled unity dll's ...
Register platform support module: /Applications/Unity/Hub/Editor/2020.3.26f1/Unity.app/Contents/PlaybackEngines/MacStandaloneSupport/UnityEditor.OSXStandalone.Extensions.dll
Registered in 0.001092 seconds.
Native extension for OSXStandalone target not found
Refreshing native plugins compatible for Editor in 65.87 ms, found 2 plugins.
Preloading 0 native plugins for Editor in 0.00 ms.
Mono: successfully reloaded assembly
- Completed reload, in  1.734 seconds
Domain Reload Profiling:
	ReloadAssembly (1735ms)
		BeginReloadAssembly (107ms)
			ExecutionOrderSort (0ms)
			DisableScriptedObjects (0ms)
			BackupInstance (0ms)
			ReleaseScriptingObjects (0ms)
			CreateAndSetChildDomain (3ms)
		EndReloadAssembly (1484ms)
			LoadAssemblies (104ms)
			RebuildTransferFunctionScriptingTraits (1ms)
			SetupTypeCache (194ms)
			ReleaseScriptCaches (0ms)
			RebuildScriptCaches (49ms)
			SetupLoadedEditorAssemblies (843ms)
				LogAssemblyErrors (0ms)
				InitializePlatformSupportModulesInManaged (16ms)
				SetLoadedEditorAssemblies (1ms)
				RefreshPlugins (66ms)
				BeforeProcessingInitializeOnLoad (134ms)
				ProcessInitializeOnLoadAttributes (473ms)
				ProcessInitializeOnLoadMethodAttributes (152ms)
				AfterProcessingInitializeOnLoad (0ms)
				EditorAssembliesLoaded (1ms)
			ExecutionOrderSort2 (0ms)
			AwakeInstancesAfterBackupRestoration (0ms)
Platform modules already initialized, skipping
Registering precompiled user dll's ...
Registered in 0.004618 seconds.
Begin MonoManager ReloadAssembly
Native extension for OSXStandalone target not found
Refreshing native plugins compatible for Editor in 72.27 ms, found 2 plugins.
Preloading 0 native plugins for Editor in 0.00 ms.
Mono: successfully reloaded assembly
- Completed reload, in  3.572 seconds
Domain Reload Profiling:
	ReloadAssembly (3575ms)
		BeginReloadAssembly (318ms)
			ExecutionOrderSort (0ms)
			DisableScriptedObjects (36ms)
			BackupInstance (0ms)
			ReleaseScriptingObjects (0ms)
			CreateAndSetChildDomain (53ms)
		EndReloadAssembly (3140ms)
			LoadAssemblies (275ms)
			RebuildTransferFunctionScriptingTraits (0ms)
			SetupTypeCache (481ms)
			ReleaseScriptCaches (1ms)
			RebuildScriptCaches (80ms)
			SetupLoadedEditorAssemblies (1879ms)
				LogAssemblyErrors (0ms)
				InitializePlatformSupportModulesInManaged (13ms)
				SetLoadedEditorAssemblies (1ms)
				RefreshPlugins (72ms)
				BeforeProcessingInitializeOnLoad (282ms)
				ProcessInitializeOnLoadAttributes (1467ms)
				ProcessInitializeOnLoadMethodAttributes (41ms)
				AfterProcessingInitializeOnLoad (1ms)
				EditorAssembliesLoaded (1ms)
			ExecutionOrderSort2 (0ms)
			AwakeInstancesAfterBackupRestoration (37ms)
Platform modules already initialized, skipping
Validating Project structure ... 0.007538 seconds.
Shader import version has changed; will reimport all shaders...
Upgrading shader files ...0.016215 seconds.
Application.AssetDatabase Initial Script Refresh Start
RefreshInfo: InitialScriptRefreshV2(NoUpdateAssetOptions) scanfilter:  ... 1 filters
RefreshProfiler: Total: 0.000ms
Application.AssetDatabase Initial Script Refresh End
Application.AssetDatabase.Refresh Start
Application.AssetDatabase.Refresh End
RefreshInfo: StopAssetImportingV2(ForceSynchronousImport) scanfilter: 
RefreshProfiler: Total: 0.000ms
Launching external process: /Applications/Unity/Hub/Editor/2020.3.26f1/Unity.app/Contents/Tools/UnityShaderCompiler
Launched and connected shader compiler UnityShaderCompiler after 0.04 seconds
Initializing Unity extensions:
========================================================================
Worker process is ready to serve import requests
Refreshing native plugins compatible for Editor in 0.75 ms, found 2 plugins.
Preloading 0 native plugins for Editor in 0.00 ms.
Unloading 3725 Unused Serialized files (Serialized files now loaded: 0)
System memory in use before: 296.1 MB.
System memory in use after: 295.8 MB.

Unloading 205 unused Assets to reduce memory usage. Loaded Objects now: 4250.
Total: 4.450417 ms (FindLiveObjects: 0.269667 ms CreateObjectMapping: 0.121083 ms MarkObjects: 3.677458 ms  DeleteObjects: 0.380666 ms)

AssetImportParameters requested are different than current active one (requested -> active):
  custom:video-decoder-ogg-theora: a1e56fd34408186e4bbccfd4996cb3dc -> 
  custom:container-muxer-webm: aa71ff27fc2769a1b78a27578f13a17b -> 
  custom:container-demuxer-webm: 4f35f7cbe854078d1ac9338744f61a02 -> 
  custom:container-demuxer-ogg: 62fdf1f143b41e24485cea50d1cbac27 -> 
  custom:video-encoder-webm-vp8: eb34c28f22e8b96e1ab97ce403110664 -> 
  custom:framework-osx-AVFoundation: e770b220cccbd017edd2c1fefb359320 -> 
  custom:video-decoder-webm-vp8: 9c59270c3fd7afecdb556c50c9e8de78 -> 
  custom:audio-decoder-ogg-vorbis: bf7c407c2cedff20999df2af8eb42d56 -> 
  custom:audio-encoder-webm-vorbis: bf7c407c2cedff20999df2af8eb42d56 -> 
========================================================================
Received Import Request.
  path: Assets/StarterAssets/Readme.asset
  artifactKey: Guid(4181bfe715a83e843b7538d750dc57cc) Importer(815301076,1909f56bfc062723c751e8b465ee728b)
Start importing Assets/StarterAssets/Readme.asset using Guid(4181bfe715a83e843b7538d750dc57cc) Importer(815301076,1909f56bfc062723c751e8b465ee728b)  -> (artifact id: 'f5522068d9ad86b9bcd6b2fb8920f8a2') in 0.906426 seconds 
  Import took 0.917043 seconds .

========================================================================
Received Import Request.
  Time since last request: 4276.893027 seconds.
  path: Assets/Models/hamsterBathroom.fbx
  artifactKey: Guid(ce9e8c1eccbc74aa0b408ccccfe38d55) Importer(815301076,1909f56bfc062723c751e8b465ee728b)
Start importing Assets/Models/hamsterBathroom.fbx using Guid(ce9e8c1eccbc74aa0b408ccccfe38d55) Importer(815301076,1909f56bfc062723c751e8b465ee728b)  -> (artifact id: 'c04bfa5030508e4e92f25825745c02bf') in 1.647988 seconds 
  Import took 1.770734 seconds .

========================================================================
Received Import Request.
  Time since last request: 0.000863 seconds.
  path: Assets/Models/hamsterHouse.fbx
  artifactKey: Guid(d8df8b189159948239b48d0a60c9a829) Importer(815301076,1909f56bfc062723c751e8b465ee728b)
Start importing Assets/Models/hamsterHouse.fbx using Guid(d8df8b189159948239b48d0a60c9a829) Importer(815301076,1909f56bfc062723c751e8b465ee728b)  -> (artifact id: 'e9ba4850f52b0e343cfa0ef1398637c9') in 0.048016 seconds 
  Import took 0.055629 seconds .

========================================================================
Received Import Request.
  Time since last request: 0.000225 seconds.
  path: Assets/Models/hamsterCoconut.fbx
  artifactKey: Guid(7a8b82d0f93c648e99dcb92ed169fc6e) Importer(815301076,1909f56bfc062723c751e8b465ee728b)
Start importing Assets/Models/hamsterCoconut.fbx using Guid(7a8b82d0f93c648e99dcb92ed169fc6e) Importer(815301076,1909f56bfc062723c751e8b465ee728b)  -> (artifact id: '2c1ec2e683241606600065bb8ec0342c') in 0.020000 seconds 
  Import took 0.027686 seconds .

========================================================================
Received Import Request.
  Time since last request: 176.618933 seconds.
  path: Assets/Models/hamsterBathroom2.fbx
  artifactKey: Guid(02adacbf0b43440fdb1eed2a91bbe512) Importer(815301076,1909f56bfc062723c751e8b465ee728b)
Start importing Assets/Models/hamsterBathroom2.fbx using Guid(02adacbf0b43440fdb1eed2a91bbe512) Importer(815301076,1909f56bfc062723c751e8b465ee728b)  -> (artifact id: 'a80f459ec0be481830afaf0233df63fd') in 0.216757 seconds 
  Import took 0.233950 seconds .

========================================================================
Received Import Request.
  Time since last request: 111.925644 seconds.
  path: Packages/com.unity.probuilder/Content/Icons/Toolbar/Eye_Off.png
  artifactKey: Guid(ed0f7a8b882ee4f6abefc9996d60afc2) Importer(815301076,1909f56bfc062723c751e8b465ee728b)
Start importing Packages/com.unity.probuilder/Content/Icons/Toolbar/Eye_Off.png using Guid(ed0f7a8b882ee4f6abefc9996d60afc2) Importer(815301076,1909f56bfc062723c751e8b465ee728b)  -> (artifact id: '78de65d35e519babafe4e2282596c515') in 0.669663 seconds 
  Import took 0.704588 seconds .

========================================================================
Received Import Request.
  Time since last request: 0.000298 seconds.
  path: Packages/com.unity.probuilder/Content/Icons/Toolbar/Eye_Off_Light.png
  artifactKey: Guid(20d44a66b868d48ed8ec4ac8700c1807) Importer(815301076,1909f56bfc062723c751e8b465ee728b)
Start importing Packages/com.unity.probuilder/Content/Icons/Toolbar/Eye_Off_Light.png using Guid(20d44a66b868d48ed8ec4ac8700c1807) Importer(815301076,1909f56bfc062723c751e8b465ee728b)  -> (artifact id: '33df38f66016df2f77ddac0f9fe8d717') in 0.010923 seconds 
  Import took 0.017646 seconds .

========================================================================
Received Import Request.
  Time since last request: 0.000224 seconds.
  path: Packages/com.unity.inputsystem/InputSystem/Plugins/PlayerInput/DefaultInputActions.inputactions
  artifactKey: Guid(ca9f5fa95ffab41fb9a615ab714db018) Importer(815301076,1909f56bfc062723c751e8b465ee728b)
Start importing Packages/com.unity.inputsystem/InputSystem/Plugins/PlayerInput/DefaultInputActions.inputactions using Guid(ca9f5fa95ffab41fb9a615ab714db018) Importer(815301076,1909f56bfc062723c751e8b465ee728b)  -> (artifact id: 'e2418dfa4a6593776bfec4439893fce1') in 0.168774 seconds 
  Import took 0.177826 seconds .

========================================================================
Received Import Request.
  Time since last request: 0.000260 seconds.
  path: Packages/com.unity.collab-proxy/Editor/Collaborate/Assets/Layouts/HistoryEntryComponent.uxml
  artifactKey: Guid(210e50e15b80af044a15718d78f5388a) Importer(815301076,1909f56bfc062723c751e8b465ee728b)
Start importing Packages/com.unity.collab-proxy/Editor/Collaborate/Assets/Layouts/HistoryEntryComponent.uxml using Guid(210e50e15b80af044a15718d78f5388a) Importer(815301076,1909f56bfc062723c751e8b465ee728b)  -> (artifact id: 'd2acc4e7fd5196ec675fb7787bca1136') in 0.108046 seconds 
  Import took 0.117181 seconds .

========================================================================
Received Import Request.
  Time since last request: 0.000265 seconds.
  path: Packages/com.unity.collab-proxy/Editor/Collaborate/Assets/Styles/HistoryEntryComponent.uss
  artifactKey: Guid(60eaebd1e96ce8641b789b30cdcda09b) Importer(815301076,1909f56bfc062723c751e8b465ee728b)
Start importing Packages/com.unity.collab-proxy/Editor/Collaborate/Assets/Styles/HistoryEntryComponent.uss using Guid(60eaebd1e96ce8641b789b30cdcda09b) Importer(815301076,1909f56bfc062723c751e8b465ee728b)  -> (artifact id: '8b02fa5e22d1dd9b24df18925fe84648') in 0.102784 seconds 
  Import took 0.112181 seconds .

========================================================================
Received Import Request.
  Time since last request: 0.000270 seconds.
  path: Packages/com.unity.inputsystem/InputSystem/Editor/Icons/MultiplayerEventSystem@64.png
  artifactKey: Guid(6a237171e2346e3458db37eb0f90d42b) Importer(815301076,1909f56bfc062723c751e8b465ee728b)
Start importing Packages/com.unity.inputsystem/InputSystem/Editor/Icons/MultiplayerEventSystem@64.png using Guid(6a237171e2346e3458db37eb0f90d42b) Importer(815301076,1909f56bfc062723c751e8b465ee728b)  -> (artifact id: 'db3932eb665a9b5a9baedf0d172254f7') in 0.007559 seconds 
  Import took 0.015736 seconds .

========================================================================
Received Import Request.
  Time since last request: 0.000342 seconds.
  path: Packages/com.unity.probuilder/Content/Icons/Toolbar/Eye_On.png
  artifactKey: Guid(b6d07916b2876498ebc65ab5a16ed9c5) Importer(815301076,1909f56bfc062723c751e8b465ee728b)
Start importing Packages/com.unity.probuilder/Content/Icons/Toolbar/Eye_On.png using Guid(b6d07916b2876498ebc65ab5a16ed9c5) Importer(815301076,1909f56bfc062723c751e8b465ee728b)  -> (artifact id: 'aae22060c31c9e24a9e10087e47b9fb2') in 0.006784 seconds 
  Import took 0.015142 seconds .

========================================================================
Received Import Request.
  Time since last request: 0.000242 seconds.
  path: Packages/com.unity.probuilder/Content/Icons/Toolbar/Eye_On_Light.png
  artifactKey: Guid(dbc263b202df744759ce4e89d5de7a22) Importer(815301076,1909f56bfc062723c751e8b465ee728b)
Start importing Packages/com.unity.probuilder/Content/Icons/Toolbar/Eye_On_Light.png using Guid(dbc263b202df744759ce4e89d5de7a22) Importer(815301076,1909f56bfc062723c751e8b465ee728b)  -> (artifact id: 'c4fe4bdcc41131e4ffd7d27b1b7b47f7') in 0.005903 seconds 
  Import took 0.013418 seconds .

========================================================================
Received Import Request.
  Time since last request: 0.000231 seconds.
  path: Assets/StarterAssets/InputSystem/StarterAssets.inputactions
  artifactKey: Guid(4419d82f33d36e848b3ed5af4c8da37e) Importer(815301076,1909f56bfc062723c751e8b465ee728b)
Start importing Assets/StarterAssets/InputSystem/StarterAssets.inputactions using Guid(4419d82f33d36e848b3ed5af4c8da37e) Importer(815301076,1909f56bfc062723c751e8b465ee728b)  -> (artifact id: '696d724c58ab47e94fac6819b760adc4') in 0.005723 seconds 
  Import took 0.012530 seconds .

========================================================================
Received Import Request.
  Time since last request: 0.086960 seconds.
  path: Assets/StarterAssets/Environment/Art/Models/Stairs_650_400_300_Mesh.fbx
  artifactKey: Guid(7e0223e1d3e1733499accfa5ebffb67e) Importer(815301076,1909f56bfc062723c751e8b465ee728b)
Start importing Assets/StarterAssets/Environment/Art/Models/Stairs_650_400_300_Mesh.fbx using Guid(7e0223e1d3e1733499accfa5ebffb67e) Importer(815301076,1909f56bfc062723c751e8b465ee728b)  -> (artifact id: '2eb33f4da2b5c87b5dcd7da9370cfd20') in 0.107648 seconds 
  Import took 0.117183 seconds .

========================================================================
Received Import Request.
  Time since last request: 0.000249 seconds.
  path: Assets/FlatKit/Demos/URP Configs/[FlatKit] Room-FogSettings.asset
  artifactKey: Guid(7fcd7272032564480bf0f1b9411dc317) Importer(815301076,1909f56bfc062723c751e8b465ee728b)
Start importing Assets/FlatKit/Demos/URP Configs/[FlatKit] Room-FogSettings.asset using Guid(7fcd7272032564480bf0f1b9411dc317) Importer(815301076,1909f56bfc062723c751e8b465ee728b)  -> (artifact id: '8855fc3266ad343d77082864101bbe27') in 0.006202 seconds 
  Import took 0.013176 seconds .

========================================================================
Received Import Request.
  Time since last request: 0.000316 seconds.
  path: Assets/StarterAssets/Environment/Art/Models/Ramp_Mesh.fbx
  artifactKey: Guid(426a2785f8a940049aac2c246661cf09) Importer(815301076,1909f56bfc062723c751e8b465ee728b)
Start importing Assets/StarterAssets/Environment/Art/Models/Ramp_Mesh.fbx using Guid(426a2785f8a940049aac2c246661cf09) Importer(815301076,1909f56bfc062723c751e8b465ee728b)  -> (artifact id: '37eecddb4bec626904f43e3b2f9a01d5') in 0.021355 seconds 
  Import took 0.028039 seconds .

========================================================================
Received Import Request.
  Time since last request: 0.000220 seconds.
  path: Assets/StarterAssets/Environment/Art/Models/Stairs_200x100x200_Mesh.fbx
  artifactKey: Guid(fce3bf5a5b603db45ab0048fb6ab44df) Importer(815301076,1909f56bfc062723c751e8b465ee728b)
Start importing Assets/StarterAssets/Environment/Art/Models/Stairs_200x100x200_Mesh.fbx using Guid(fce3bf5a5b603db45ab0048fb6ab44df) Importer(815301076,1909f56bfc062723c751e8b465ee728b)  -> (artifact id: 'a578d2074f46b96c5b90a7d7a8d3aec0') in 0.033676 seconds 
  Import took 0.041519 seconds .

========================================================================
Received Import Request.
  Time since last request: 0.000252 seconds.
  path: Assets/FlatKit/Demos/URP Configs/[FlatKit] Valley-FogSettings.asset
  artifactKey: Guid(27461652cd09d439892b599fddb40841) Importer(815301076,1909f56bfc062723c751e8b465ee728b)
Start importing Assets/FlatKit/Demos/URP Configs/[FlatKit] Valley-FogSettings.asset using Guid(27461652cd09d439892b599fddb40841) Importer(815301076,1909f56bfc062723c751e8b465ee728b)  -> (artifact id: '21f05646390bd434efa85548689b9c47') in 0.002381 seconds 
  Import took 0.014491 seconds .

========================================================================
Received Import Request.
  Time since last request: 0.000246 seconds.
  path: Packages/com.unity.collab-proxy/Editor/Collaborate/Assets/Icons/added-file-dark.png
  artifactKey: Guid(1a4f52b613391cd449af3ad2e44affeb) Importer(815301076,1909f56bfc062723c751e8b465ee728b)
Start importing Packages/com.unity.collab-proxy/Editor/Collaborate/Assets/Icons/added-file-dark.png using Guid(1a4f52b613391cd449af3ad2e44affeb) Importer(815301076,1909f56bfc062723c751e8b465ee728b)  -> (artifact id: '50796f2db74ea8fb0b395b27ee137946') in 0.006068 seconds 
  Import took 0.011263 seconds .

========================================================================
Received Import Request.
  Time since last request: 0.000232 seconds.
  path: Assets/FlatKit/Demos/URP Configs/[FlatKit] FruitVaseScene-Var-OutlineSettings.asset
  artifactKey: Guid(cc996c96443b6401080cd0f127ea39c9) Importer(815301076,1909f56bfc062723c751e8b465ee728b)
Start importing Assets/FlatKit/Demos/URP Configs/[FlatKit] FruitVaseScene-Var-OutlineSettings.asset using Guid(cc996c96443b6401080cd0f127ea39c9) Importer(815301076,1909f56bfc062723c751e8b465ee728b)  -> (artifact id: '2a6ac7eee7acd618fcb7567fdc5daa3b') in 0.002398 seconds 
  Import took 0.006682 seconds .

========================================================================
Received Import Request.
  Time since last request: 0.000334 seconds.
  path: Packages/com.unity.collab-proxy/Editor/Collaborate/Assets/Icons/added-file-dark@2x.png
  artifactKey: Guid(c223e0c507e2c6549a2cb97441b62cbe) Importer(815301076,1909f56bfc062723c751e8b465ee728b)
Start importing Packages/com.unity.collab-proxy/Editor/Collaborate/Assets/Icons/added-file-dark@2x.png using Guid(c223e0c507e2c6549a2cb97441b62cbe) Importer(815301076,1909f56bfc062723c751e8b465ee728b)  -> (artifact id: '4b19a01605a081c297f2136eaa382435') in 0.005629 seconds 
  Import took 0.011079 seconds .

========================================================================
Received Import Request.
  Time since last request: 0.000247 seconds.
  path: Packages/com.unity.collab-proxy/Editor/Collaborate/Assets/Icons/added-file-light@2x.png
  artifactKey: Guid(ec2e3aa6d0ab8ce4eac29b56d65d61d5) Importer(815301076,1909f56bfc062723c751e8b465ee728b)
Start importing Packages/com.unity.collab-proxy/Editor/Collaborate/Assets/Icons/added-file-light@2x.png using Guid(ec2e3aa6d0ab8ce4eac29b56d65d61d5) Importer(815301076,1909f56bfc062723c751e8b465ee728b)  -> (artifact id: 'bb27c4692798708e31ba96976c526fff') in 0.006096 seconds 
  Import took 0.011492 seconds .

========================================================================
Received Import Request.
  Time since last request: 0.000194 seconds.
  path: Packages/com.unity.collab-proxy/Editor/Collaborate/Assets/Icons/added-file-light.png
  artifactKey: Guid(397fff6c3885f8343bb65714f0064b5d) Importer(815301076,1909f56bfc062723c751e8b465ee728b)
Start importing Packages/com.unity.collab-proxy/Editor/Collaborate/Assets/Icons/added-file-light.png using Guid(397fff6c3885f8343bb65714f0064b5d) Importer(815301076,1909f56bfc062723c751e8b465ee728b)  -> (artifact id: 'f3c88eaa6b1771ea6d9893c4d3eff234') in 0.007770 seconds 
  Import took 0.012946 seconds .

========================================================================
Received Import Request.
  Time since last request: 9.079228 seconds.
  path: Assets/FlatKit/Demos/[Demo] Room/Room-CameraProfiles/CameraProfile - Room - URP.asset
  artifactKey: Guid(5e02049507ac54f9888989755f6210ae) Importer(815301076,1909f56bfc062723c751e8b465ee728b)
Start importing Assets/FlatKit/Demos/[Demo] Room/Room-CameraProfiles/CameraProfile - Room - URP.asset using Guid(5e02049507ac54f9888989755f6210ae) Importer(815301076,1909f56bfc062723c751e8b465ee728b)  -> (artifact id: '9e3fd9c62cd1da1c659a6649fe4f1076') in 0.017165 seconds 
  Import took 0.036117 seconds .

========================================================================
Received Import Request.
  Time since last request: 0.000230 seconds.
  path: Assets/FlatKit/Demos/[Demo] Room/Room-CameraProfiles/CameraProfile - Room.asset
  artifactKey: Guid(9b1f3a813f22c492f8448a6e39a99d81) Importer(815301076,1909f56bfc062723c751e8b465ee728b)
Start importing Assets/FlatKit/Demos/[Demo] Room/Room-CameraProfiles/CameraProfile - Room.asset using Guid(9b1f3a813f22c492f8448a6e39a99d81) Importer(815301076,1909f56bfc062723c751e8b465ee728b)  -> (artifact id: '21c6453e7a3284b3d6ec1f791f31f9ff') in 0.001851 seconds 
  Import took 0.008598 seconds .

